[0.013s] Invoking command in '/home/isabel/patrolling/build/patrolling_cpp': CMAKE_PREFIX_PATH=${CMAKE_PREFIX_PATH}:/opt/ros/humble /usr/bin/cmake --build /home/isabel/patrolling/build/patrolling_cpp -- -j12 -l12
[0.058s] [35m[1mConsolidate compiler generated dependencies of target patrolling_node[0m
[0.076s] [ 50%] [32mBuilding CXX object CMakeFiles/patrolling_node.dir/src/patrolling_node.cpp.o[0m
[3.494s] [100%] [32m[1mLinking CXX executable patrolling_node[0m
[3.686s] [100%] Built target patrolling_node
[3.700s] Invoked command in '/home/isabel/patrolling/build/patrolling_cpp' returned '0': CMAKE_PREFIX_PATH=${CMAKE_PREFIX_PATH}:/opt/ros/humble /usr/bin/cmake --build /home/isabel/patrolling/build/patrolling_cpp -- -j12 -l12
[3.710s] Invoking command in '/home/isabel/patrolling/build/patrolling_cpp': CMAKE_PREFIX_PATH=${CMAKE_PREFIX_PATH}:/opt/ros/humble /usr/bin/cmake --install /home/isabel/patrolling/build/patrolling_cpp
[3.718s] -- Install configuration: ""
[3.718s] -- Installing: /home/isabel/patrolling/install/patrolling_cpp/lib/patrolling_cpp/patrolling_node
[3.719s] -- Set runtime path of "/home/isabel/patrolling/install/patrolling_cpp/lib/patrolling_cpp/patrolling_node" to ""
[3.720s] -- Up-to-date: /home/isabel/patrolling/install/patrolling_cpp/share/ament_index/resource_index/package_run_dependencies/patrolling_cpp
[3.720s] -- Up-to-date: /home/isabel/patrolling/install/patrolling_cpp/share/ament_index/resource_index/parent_prefix_path/patrolling_cpp
[3.720s] -- Up-to-date: /home/isabel/patrolling/install/patrolling_cpp/share/patrolling_cpp/environment/ament_prefix_path.sh
[3.720s] -- Up-to-date: /home/isabel/patrolling/install/patrolling_cpp/share/patrolling_cpp/environment/ament_prefix_path.dsv
[3.720s] -- Up-to-date: /home/isabel/patrolling/install/patrolling_cpp/share/patrolling_cpp/environment/path.sh
[3.720s] -- Up-to-date: /home/isabel/patrolling/install/patrolling_cpp/share/patrolling_cpp/environment/path.dsv
[3.720s] -- Up-to-date: /home/isabel/patrolling/install/patrolling_cpp/share/patrolling_cpp/local_setup.bash
[3.720s] -- Up-to-date: /home/isabel/patrolling/install/patrolling_cpp/share/patrolling_cpp/local_setup.sh
[3.720s] -- Up-to-date: /home/isabel/patrolling/install/patrolling_cpp/share/patrolling_cpp/local_setup.zsh
[3.720s] -- Up-to-date: /home/isabel/patrolling/install/patrolling_cpp/share/patrolling_cpp/local_setup.dsv
[3.721s] -- Installing: /home/isabel/patrolling/install/patrolling_cpp/share/patrolling_cpp/package.dsv
[3.721s] -- Up-to-date: /home/isabel/patrolling/install/patrolling_cpp/share/ament_index/resource_index/packages/patrolling_cpp
[3.721s] -- Up-to-date: /home/isabel/patrolling/install/patrolling_cpp/share/patrolling_cpp/cmake/patrolling_cppConfig.cmake
[3.721s] -- Up-to-date: /home/isabel/patrolling/install/patrolling_cpp/share/patrolling_cpp/cmake/patrolling_cppConfig-version.cmake
[3.721s] -- Up-to-date: /home/isabel/patrolling/install/patrolling_cpp/share/patrolling_cpp/package.xml
[3.722s] Invoked command in '/home/isabel/patrolling/build/patrolling_cpp' returned '0': CMAKE_PREFIX_PATH=${CMAKE_PREFIX_PATH}:/opt/ros/humble /usr/bin/cmake --install /home/isabel/patrolling/build/patrolling_cpp
