[0.012s] Invoking command in '/home/isabel/patrolling/build/patrolling_cpp': CMAKE_PREFIX_PATH=${CMAKE_PREFIX_PATH}:/opt/ros/humble /usr/bin/cmake --build /home/isabel/patrolling/build/patrolling_cpp -- -j12 -l12
[0.055s] [35m[1mConsolidate compiler generated dependencies of target patrolling_node[0m
[0.073s] [100%] Built target patrolling_node
[0.085s] Invoked command in '/home/isabel/patrolling/build/patrolling_cpp' returned '0': CMAKE_PREFIX_PATH=${CMAKE_PREFIX_PATH}:/opt/ros/humble /usr/bin/cmake --build /home/isabel/patrolling/build/patrolling_cpp -- -j12 -l12
[0.096s] Invoking command in '/home/isabel/patrolling/build/patrolling_cpp': CMAKE_PREFIX_PATH=${CMAKE_PREFIX_PATH}:/opt/ros/humble /usr/bin/cmake --install /home/isabel/patrolling/build/patrolling_cpp
[0.103s] -- Install configuration: ""
[0.103s] -- Up-to-date: /home/isabel/patrolling/install/patrolling_cpp/lib/patrolling_cpp/patrolling_node
[0.104s] -- Up-to-date: /home/isabel/patrolling/install/patrolling_cpp/share/ament_index/resource_index/package_run_dependencies/patrolling_cpp
[0.104s] -- Up-to-date: /home/isabel/patrolling/install/patrolling_cpp/share/ament_index/resource_index/parent_prefix_path/patrolling_cpp
[0.104s] -- Up-to-date: /home/isabel/patrolling/install/patrolling_cpp/share/patrolling_cpp/environment/ament_prefix_path.sh
[0.104s] -- Up-to-date: /home/isabel/patrolling/install/patrolling_cpp/share/patrolling_cpp/environment/ament_prefix_path.dsv
[0.104s] -- Up-to-date: /home/isabel/patrolling/install/patrolling_cpp/share/patrolling_cpp/environment/path.sh
[0.105s] -- Up-to-date: /home/isabel/patrolling/install/patrolling_cpp/share/patrolling_cpp/environment/path.dsv
[0.105s] -- Up-to-date: /home/isabel/patrolling/install/patrolling_cpp/share/patrolling_cpp/local_setup.bash
[0.105s] -- Up-to-date: /home/isabel/patrolling/install/patrolling_cpp/share/patrolling_cpp/local_setup.sh
[0.105s] -- Up-to-date: /home/isabel/patrolling/install/patrolling_cpp/share/patrolling_cpp/local_setup.zsh
[0.105s] -- Up-to-date: /home/isabel/patrolling/install/patrolling_cpp/share/patrolling_cpp/local_setup.dsv
[0.105s] -- Installing: /home/isabel/patrolling/install/patrolling_cpp/share/patrolling_cpp/package.dsv
[0.105s] -- Up-to-date: /home/isabel/patrolling/install/patrolling_cpp/share/ament_index/resource_index/packages/patrolling_cpp
[0.105s] -- Up-to-date: /home/isabel/patrolling/install/patrolling_cpp/share/patrolling_cpp/cmake/patrolling_cppConfig.cmake
[0.105s] -- Up-to-date: /home/isabel/patrolling/install/patrolling_cpp/share/patrolling_cpp/cmake/patrolling_cppConfig-version.cmake
[0.105s] -- Up-to-date: /home/isabel/patrolling/install/patrolling_cpp/share/patrolling_cpp/package.xml
[0.106s] Invoked command in '/home/isabel/patrolling/build/patrolling_cpp' returned '0': CMAKE_PREFIX_PATH=${CMAKE_PREFIX_PATH}:/opt/ros/humble /usr/bin/cmake --install /home/isabel/patrolling/build/patrolling_cpp
